<?xml version="1.0" encoding="UTF-8"?>
<!-- Generated by org.testng.reporters.JUnitXMLReporter -->
<testsuite ignored="1" hostname="PrashantVICTUS" failures="0" tests="2" name="Nopackage" time="10.112" errors="0" timestamp="2022-04-26T17:30:07 IST">
  <testcase classname="com.hrms.TNGscript.Test_hrmsTest" name="LoginLogout" time="3.336"/>
  <testcase classname="com.hrms.TNGscript.Test_hrmsTest" name="AddEmployee" time="3.908"/>
  <testcase classname="com.hrms.TNGscript.Test_hrmsTest" name="deleteEmployee" time="0.0">
    <ignored/>
  </testcase> <!-- deleteEmployee -->
</testsuite> <!-- Nopackage -->
